<?xml version="1.0" encoding="UTF-8"?>
<testsuite xmlns:xsi="http://www.w3.org/2001/XMLSchema-instance" xsi:noNamespaceSchemaLocation="https://maven.apache.org/surefire/maven-surefire-plugin/xsd/surefire-test-report.xsd" version="3.0.1" name="io.http3.demo.core.codec.StreamMessageCodecTest" time="0.286" tests="6" errors="0" skipped="0" failures="0">
  <properties>
[...]
</properties>
  <testcase name="testErrorMessage" classname="io.http3.demo.core.codec.StreamMessageCodecTest" time="0.128"/>
  <testcase name="testCompleteMessage" classname="io.http3.demo.core.codec.StreamMessageCodecTest" time="0.004"/>
  <testcase name="testEncodeDecodeString" classname="io.http3.demo.core.codec.StreamMessageCodecTest" time="0.001"/>
  <testcase name="testEncodeDecodeInteger" classname="io.http3.demo.core.codec.StreamMessageCodecTest" time="0.003"/>
  <testcase name="testLengthPrefixedFraming" classname="io.http3.demo.core.codec.StreamMessageCodecTest" time="0.138"/>
  <testcase name="testPartialFrame" classname="io.http3.demo.core.codec.StreamMessageCodecTest" time="0.001"/>
</testsuite>