<?xml version="1.0" encoding="UTF-8"?>
<testsuite xmlns:xsi="http://www.w3.org/2001/XMLSchema-instance" xsi:noNamespaceSchemaLocation="https://maven.apache.org/surefire/maven-surefire-plugin/xsd/surefire-test-report.xsd" version="3.0.1" name="io.http3.demo.example.echo.EchoIntegrationTest" time="0.831" tests="1" errors="0" skipped="0" failures="0">
  <properties>
[...]
</properties>
  <testcase name="testEchoMessage" classname="io.http3.demo.example.echo.EchoIntegrationTest" time="0.82">
    <system-out><![CDATA[22:53:38.752 [nioEventLoopGroup-2-1] INFO  i.n.handler.logging.LoggingHandler - [id: 0x53fb0e12, QuicStreamAddress{streamId=0}] REGISTERED
22:53:38.753 [nioEventLoopGroup-2-1] INFO  i.n.handler.logging.LoggingHandler - [id: 0x53fb0e12, QuicStreamAddress{streamId=0}] ACTIVE
22:53:38.754 [nioEventLoopGroup-2-1] INFO  i.n.handler.logging.LoggingHandler - [id: 0x53fb0e12, QuicStreamAddress{streamId=0}] READ: 5B
         +-------------------------------------------------+
         |  0  1  2  3  4  5  6  7  8  9  a  b  c  d  e  f |
+--------+-------------------------------------------------+----------------+
|00000000| 2f 65 63 68 6f                                  |/echo           |
+--------+-------------------------------------------------+----------------+
22:53:38.755 [nioEventLoopGroup-2-1] INFO  i.n.handler.logging.LoggingHandler - [id: 0x53fb0e12, QuicStreamAddress{streamId=0}] READ COMPLETE
22:53:38.846 [nioEventLoopGroup-2-1] INFO  i.n.handler.logging.LoggingHandler - [id: 0x53fb0e12, QuicStreamAddress{streamId=0}] READ: 90B
         +-------------------------------------------------+
         |  0  1  2  3  4  5  6  7  8  9  a  b  c  d  e  f |
+--------+-------------------------------------------------+----------------+
|00000000| 00 00 00 56 7b 22 6d 73 67 49 64 22 3a 22 34 33 |...V{"msgId":"43|
|00000010| 31 64 39 38 62 36 2d 61 61 39 37 2d 34 62 64 33 |1d98b6-aa97-4bd3|
|00000020| 2d 61 33 39 38 2d 39 34 65 35 62 34 35 39 34 66 |-a398-94e5b4594f|
|00000030| 36 36 22 2c 22 74 79 70 65 22 3a 22 44 41 54 41 |66","type":"DATA|
|00000040| 22 2c 22 70 61 79 6c 6f 61 64 22 3a 22 48 65 6c |","payload":"Hel|
|00000050| 6c 6f 20 45 63 68 6f 21 22 7d                   |lo Echo!"}      |
+--------+-------------------------------------------------+----------------+
22:53:38.866 [nioEventLoopGroup-2-1] INFO  i.n.handler.logging.LoggingHandler - [id: 0x53fb0e12, QuicStreamAddress{streamId=0}] WRITE: StreamMessage{msgId='1b7466f7-ae4a-4931-8e78-68ad30635e70', type=DATA, payload=Hello Echo!}
22:53:38.867 [nioEventLoopGroup-2-1] INFO  i.n.handler.logging.LoggingHandler - [id: 0x53fb0e12, QuicStreamAddress{streamId=0}] FLUSH
22:53:38.867 [nioEventLoopGroup-2-1] INFO  i.n.handler.logging.LoggingHandler - [id: 0x53fb0e12, QuicStreamAddress{streamId=0}] READ COMPLETE
22:53:38.867 [nioEventLoopGroup-2-1] INFO  i.n.handler.logging.LoggingHandler - [id: 0x53fb0e12, QuicStreamAddress{streamId=0}] READ: 85B
         +-------------------------------------------------+
         |  0  1  2  3  4  5  6  7  8  9  a  b  c  d  e  f |
+--------+-------------------------------------------------+----------------+
|00000000| 00 00 00 51 7b 22 6d 73 67 49 64 22 3a 22 63 62 |...Q{"msgId":"cb|
|00000010| 31 66 34 32 32 31 2d 33 35 38 33 2d 34 32 30 36 |1f4221-3583-4206|
|00000020| 2d 39 31 30 39 2d 33 37 34 64 62 34 34 31 38 35 |-9109-374db44185|
|00000030| 34 61 22 2c 22 74 79 70 65 22 3a 22 43 4f 4d 50 |4a","type":"COMP|
|00000040| 4c 45 54 45 22 2c 22 70 61 79 6c 6f 61 64 22 3a |LETE","payload":|
|00000050| 6e 75 6c 6c 7d                                  |null}           |
+--------+-------------------------------------------------+----------------+
22:53:38.868 [nioEventLoopGroup-2-1] INFO  i.n.handler.logging.LoggingHandler - [id: 0x53fb0e12, QuicStreamAddress{streamId=0}] WRITE: StreamMessage{msgId='d52c43ff-1bf6-4ad3-8cca-529cffb81bd5', type=COMPLETE, payload=null}
22:53:38.868 [nioEventLoopGroup-2-1] INFO  i.n.handler.logging.LoggingHandler - [id: 0x53fb0e12, QuicStreamAddress{streamId=0}] FLUSH
22:53:38.868 [nioEventLoopGroup-2-1] INFO  i.n.handler.logging.LoggingHandler - [id: 0x53fb0e12, QuicStreamAddress{streamId=0}] READ COMPLETE
22:53:38.876 [nioEventLoopGroup-2-1] INFO  i.n.handler.logging.LoggingHandler - [id: 0x53fb0e12, QuicStreamAddress{streamId=0}] INACTIVE
22:53:38.876 [nioEventLoopGroup-2-1] INFO  i.n.handler.logging.LoggingHandler - [id: 0x53fb0e12, QuicStreamAddress{streamId=0}] UNREGISTERED
]]></system-out>
  </testcase>
</testsuite>