<?xml version="1.0" encoding="UTF-8"?>
<testsuite xmlns:xsi="http://www.w3.org/2001/XMLSchema-instance" xsi:noNamespaceSchemaLocation="https://maven.apache.org/surefire/maven-surefire-plugin/xsd/surefire-test-report.xsd" version="3.0.1" name="io.http3.demo.example.streamdata.StreamDataIntegrationTest" time="0.11" tests="2" errors="0" skipped="0" failures="0">
  <properties>
[...]
</properties>
  <testcase name="testStreamDataCancel" classname="io.http3.demo.example.streamdata.StreamDataIntegrationTest" time="0.055">
    <system-out><![CDATA[22:53:39.056 [nioEventLoopGroup-9-1] INFO  i.n.handler.logging.LoggingHandler - [id: 0xa13cfe00, QuicStreamAddress{streamId=0}] REGISTERED
22:53:39.057 [nioEventLoopGroup-9-1] INFO  i.n.handler.logging.LoggingHandler - [id: 0xa13cfe00, QuicStreamAddress{streamId=0}] ACTIVE
22:53:39.057 [nioEventLoopGroup-9-1] INFO  i.n.handler.logging.LoggingHandler - [id: 0xa13cfe00, QuicStreamAddress{streamId=0}] READ: 12B
         +-------------------------------------------------+
         |  0  1  2  3  4  5  6  7  8  9  a  b  c  d  e  f |
+--------+-------------------------------------------------+----------------+
|00000000| 2f 73 74 72 65 61 6d 2d 64 61 74 61             |/stream-data    |
+--------+-------------------------------------------------+----------------+
22:53:39.057 [nioEventLoopGroup-9-1] INFO  i.n.handler.logging.LoggingHandler - [id: 0xa13cfe00, QuicStreamAddress{streamId=0}] READ COMPLETE
22:53:39.058 [nioEventLoopGroup-9-1] INFO  i.n.handler.logging.LoggingHandler - [id: 0xa13cfe00, QuicStreamAddress{streamId=0}] READ: 84B
         +-------------------------------------------------+
         |  0  1  2  3  4  5  6  7  8  9  a  b  c  d  e  f |
+--------+-------------------------------------------------+----------------+
|00000000| 00 00 00 50 7b 22 6d 73 67 49 64 22 3a 22 64 36 |...P{"msgId":"d6|
|00000010| 37 35 63 62 32 32 2d 61 66 62 33 2d 34 34 30 36 |75cb22-afb3-4406|
|00000020| 2d 61 39 35 61 2d 39 38 64 33 63 66 63 32 32 31 |-a95a-98d3cfc221|
|00000030| 30 31 22 2c 22 74 79 70 65 22 3a 22 44 41 54 41 |01","type":"DATA|
|00000040| 22 2c 22 70 61 79 6c 6f 61 64 22 3a 22 73 74 61 |","payload":"sta|
|00000050| 72 74 22 7d                                     |rt"}            |
+--------+-------------------------------------------------+----------------+
22:53:39.059 [nioEventLoopGroup-9-1] INFO  i.n.handler.logging.LoggingHandler - [id: 0xa13cfe00, QuicStreamAddress{streamId=0}] WRITE: StreamMessage{msgId='7708c156-f20e-44ba-ab91-3f1cfc76cfd4', type=DATA, payload=data-1}
22:53:39.059 [nioEventLoopGroup-9-1] INFO  i.n.handler.logging.LoggingHandler - [id: 0xa13cfe00, QuicStreamAddress{streamId=0}] FLUSH
22:53:39.059 [nioEventLoopGroup-9-1] INFO  i.n.handler.logging.LoggingHandler - [id: 0xa13cfe00, QuicStreamAddress{streamId=0}] READ COMPLETE
22:53:39.059 [nioEventLoopGroup-9-1] INFO  i.n.handler.logging.LoggingHandler - [id: 0xa13cfe00, QuicStreamAddress{streamId=0}] READ: 85B
         +-------------------------------------------------+
         |  0  1  2  3  4  5  6  7  8  9  a  b  c  d  e  f |
+--------+-------------------------------------------------+----------------+
|00000000| 00 00 00 51 7b 22 6d 73 67 49 64 22 3a 22 63 36 |...Q{"msgId":"c6|
|00000010| 62 32 63 37 63 66 2d 30 39 31 62 2d 34 31 61 61 |b2c7cf-091b-41aa|
|00000020| 2d 61 65 39 37 2d 35 33 30 33 33 66 38 63 31 65 |-ae97-53033f8c1e|
|00000030| 63 35 22 2c 22 74 79 70 65 22 3a 22 44 41 54 41 |c5","type":"DATA|
|00000040| 22 2c 22 70 61 79 6c 6f 61 64 22 3a 22 63 61 6e |","payload":"can|
|00000050| 63 65 6c 22 7d                                  |cel"}           |
+--------+-------------------------------------------------+----------------+
22:53:39.059 [nioEventLoopGroup-9-1] INFO  i.n.handler.logging.LoggingHandler - [id: 0xa13cfe00, QuicStreamAddress{streamId=0}] WRITE: StreamMessage{msgId='0086a476-b483-4fcd-95d5-250d53c469fc', type=DATA, payload=data-2}
22:53:39.060 [nioEventLoopGroup-9-1] INFO  i.n.handler.logging.LoggingHandler - [id: 0xa13cfe00, QuicStreamAddress{streamId=0}] FLUSH
22:53:39.060 [nioEventLoopGroup-9-1] INFO  i.n.handler.logging.LoggingHandler - [id: 0xa13cfe00, QuicStreamAddress{streamId=0}] READ COMPLETE
22:53:39.060 [nioEventLoopGroup-9-1] INFO  i.n.handler.logging.LoggingHandler - [id: 0xa13cfe00, QuicStreamAddress{streamId=0}] READ: 170B
         +-------------------------------------------------+
         |  0  1  2  3  4  5  6  7  8  9  a  b  c  d  e  f |
+--------+-------------------------------------------------+----------------+
|00000000| 00 00 00 51 7b 22 6d 73 67 49 64 22 3a 22 38 66 |...Q{"msgId":"8f|
|00000010| 33 61 33 37 35 35 2d 63 33 62 35 2d 34 63 62 38 |3a3755-c3b5-4cb8|
|00000020| 2d 61 39 65 35 2d 38 62 32 63 66 36 66 63 61 62 |-a9e5-8b2cf6fcab|
|00000030| 35 39 22 2c 22 74 79 70 65 22 3a 22 44 41 54 41 |59","type":"DATA|
|00000040| 22 2c 22 70 61 79 6c 6f 61 64 22 3a 22 63 61 6e |","payload":"can|
|00000050| 63 65 6c 22 7d 00 00 00 51 7b 22 6d 73 67 49 64 |cel"}...Q{"msgId|
|00000060| 22 3a 22 37 61 35 36 38 37 38 66 2d 30 35 62 37 |":"7a56878f-05b7|
|00000070| 2d 34 63 32 31 2d 62 33 66 39 2d 63 61 34 62 64 |-4c21-b3f9-ca4bd|
|00000080| 38 62 35 65 30 32 37 22 2c 22 74 79 70 65 22 3a |8b5e027","type":|
|00000090| 22 44 41 54 41 22 2c 22 70 61 79 6c 6f 61 64 22 |"DATA","payload"|
|000000a0| 3a 22 63 61 6e 63 65 6c 22 7d                   |:"cancel"}      |
+--------+-------------------------------------------------+----------------+
22:53:39.061 [nioEventLoopGroup-9-1] INFO  i.n.handler.logging.LoggingHandler - [id: 0xa13cfe00, QuicStreamAddress{streamId=0}] WRITE: StreamMessage{msgId='5772a7a5-f4f8-4e71-84c5-5526e655a459', type=DATA, payload=data-3}
22:53:39.061 [nioEventLoopGroup-9-1] INFO  i.n.handler.logging.LoggingHandler - [id: 0xa13cfe00, QuicStreamAddress{streamId=0}] FLUSH
22:53:39.061 [nioEventLoopGroup-9-1] INFO  i.n.handler.logging.LoggingHandler - [id: 0xa13cfe00, QuicStreamAddress{streamId=0}] WRITE: StreamMessage{msgId='46d8715f-42f1-42eb-92a7-dc4b260a492a', type=COMPLETE, payload=null}
22:53:39.061 [nioEventLoopGroup-9-1] INFO  i.n.handler.logging.LoggingHandler - [id: 0xa13cfe00, QuicStreamAddress{streamId=0}] FLUSH
22:53:39.061 [nioEventLoopGroup-9-1] INFO  i.n.handler.logging.LoggingHandler - [id: 0xa13cfe00, QuicStreamAddress{streamId=0}] READ COMPLETE
22:53:39.062 [nioEventLoopGroup-9-1] INFO  i.n.handler.logging.LoggingHandler - [id: 0xa13cfe00, QuicStreamAddress{streamId=0}] READ: 85B
         +-------------------------------------------------+
         |  0  1  2  3  4  5  6  7  8  9  a  b  c  d  e  f |
+--------+-------------------------------------------------+----------------+
|00000000| 00 00 00 51 7b 22 6d 73 67 49 64 22 3a 22 36 65 |...Q{"msgId":"6e|
|00000010| 32 31 30 31 62 61 2d 63 30 66 37 2d 34 65 33 33 |2101ba-c0f7-4e33|
|00000020| 2d 38 65 38 34 2d 32 32 33 63 61 39 37 30 39 66 |-8e84-223ca9709f|
|00000030| 37 31 22 2c 22 74 79 70 65 22 3a 22 44 41 54 41 |71","type":"DATA|
|00000040| 22 2c 22 70 61 79 6c 6f 61 64 22 3a 22 63 61 6e |","payload":"can|
|00000050| 63 65 6c 22 7d                                  |cel"}           |
+--------+-------------------------------------------------+----------------+
22:53:39.062 [nioEventLoopGroup-9-1] INFO  i.n.handler.logging.LoggingHandler - [id: 0xa13cfe00, QuicStreamAddress{streamId=0}] READ COMPLETE
22:53:39.064 [nioEventLoopGroup-9-1] INFO  i.n.handler.logging.LoggingHandler - [id: 0xa13cfe00, QuicStreamAddress{streamId=0}] INACTIVE
22:53:39.064 [nioEventLoopGroup-9-1] INFO  i.n.handler.logging.LoggingHandler - [id: 0xa13cfe00, QuicStreamAddress{streamId=0}] UNREGISTERED
]]></system-out>
  </testcase>
  <testcase name="testStreamDataReceivesMultipleMessages" classname="io.http3.demo.example.streamdata.StreamDataIntegrationTest" time="0.054">
    <system-out><![CDATA[22:53:39.113 [nioEventLoopGroup-11-1] INFO  i.n.handler.logging.LoggingHandler - [id: 0x606ad4ba, QuicStreamAddress{streamId=0}] REGISTERED
22:53:39.113 [nioEventLoopGroup-11-1] INFO  i.n.handler.logging.LoggingHandler - [id: 0x606ad4ba, QuicStreamAddress{streamId=0}] ACTIVE
22:53:39.113 [nioEventLoopGroup-11-1] INFO  i.n.handler.logging.LoggingHandler - [id: 0x606ad4ba, QuicStreamAddress{streamId=0}] READ: 12B
         +-------------------------------------------------+
         |  0  1  2  3  4  5  6  7  8  9  a  b  c  d  e  f |
+--------+-------------------------------------------------+----------------+
|00000000| 2f 73 74 72 65 61 6d 2d 64 61 74 61             |/stream-data    |
+--------+-------------------------------------------------+----------------+
22:53:39.113 [nioEventLoopGroup-11-1] INFO  i.n.handler.logging.LoggingHandler - [id: 0x606ad4ba, QuicStreamAddress{streamId=0}] READ COMPLETE
22:53:39.113 [nioEventLoopGroup-11-1] INFO  i.n.handler.logging.LoggingHandler - [id: 0x606ad4ba, QuicStreamAddress{streamId=0}] READ: 84B
         +-------------------------------------------------+
         |  0  1  2  3  4  5  6  7  8  9  a  b  c  d  e  f |
+--------+-------------------------------------------------+----------------+
|00000000| 00 00 00 50 7b 22 6d 73 67 49 64 22 3a 22 62 34 |...P{"msgId":"b4|
|00000010| 39 32 34 37 66 38 2d 62 39 35 32 2d 34 32 37 36 |9247f8-b952-4276|
|00000020| 2d 39 65 33 36 2d 31 62 38 62 34 32 39 36 37 32 |-9e36-1b8b429672|
|00000030| 64 38 22 2c 22 74 79 70 65 22 3a 22 44 41 54 41 |d8","type":"DATA|
|00000040| 22 2c 22 70 61 79 6c 6f 61 64 22 3a 22 73 74 61 |","payload":"sta|
|00000050| 72 74 22 7d                                     |rt"}            |
+--------+-------------------------------------------------+----------------+
22:53:39.113 [nioEventLoopGroup-11-1] INFO  i.n.handler.logging.LoggingHandler - [id: 0x606ad4ba, QuicStreamAddress{streamId=0}] WRITE: StreamMessage{msgId='520f1262-d695-4fcb-adc7-16ce5b11dda5', type=DATA, payload=data-1}
22:53:39.114 [nioEventLoopGroup-11-1] INFO  i.n.handler.logging.LoggingHandler - [id: 0x606ad4ba, QuicStreamAddress{streamId=0}] FLUSH
22:53:39.114 [nioEventLoopGroup-11-1] INFO  i.n.handler.logging.LoggingHandler - [id: 0x606ad4ba, QuicStreamAddress{streamId=0}] READ COMPLETE
22:53:39.114 [nioEventLoopGroup-11-1] INFO  i.n.handler.logging.LoggingHandler - [id: 0x606ad4ba, QuicStreamAddress{streamId=0}] READ: 81B
         +-------------------------------------------------+
         |  0  1  2  3  4  5  6  7  8  9  a  b  c  d  e  f |
+--------+-------------------------------------------------+----------------+
|00000000| 00 00 00 4d 7b 22 6d 73 67 49 64 22 3a 22 30 32 |...M{"msgId":"02|
|00000010| 33 61 35 37 30 64 2d 61 39 33 36 2d 34 35 32 66 |3a570d-a936-452f|
|00000020| 2d 61 39 66 61 2d 61 30 32 39 30 66 36 61 61 35 |-a9fa-a0290f6aa5|
|00000030| 66 31 22 2c 22 74 79 70 65 22 3a 22 44 41 54 41 |f1","type":"DATA|
|00000040| 22 2c 22 70 61 79 6c 6f 61 64 22 3a 22 67 6f 22 |","payload":"go"|
|00000050| 7d                                              |}               |
+--------+-------------------------------------------------+----------------+
22:53:39.114 [nioEventLoopGroup-11-1] INFO  i.n.handler.logging.LoggingHandler - [id: 0x606ad4ba, QuicStreamAddress{streamId=0}] WRITE: StreamMessage{msgId='f81e6a8b-0060-4086-8d64-72298669aaca', type=DATA, payload=data-2}
22:53:39.114 [nioEventLoopGroup-11-1] INFO  i.n.handler.logging.LoggingHandler - [id: 0x606ad4ba, QuicStreamAddress{streamId=0}] FLUSH
22:53:39.114 [nioEventLoopGroup-11-1] INFO  i.n.handler.logging.LoggingHandler - [id: 0x606ad4ba, QuicStreamAddress{streamId=0}] READ COMPLETE
22:53:39.115 [nioEventLoopGroup-11-1] INFO  i.n.handler.logging.LoggingHandler - [id: 0x606ad4ba, QuicStreamAddress{streamId=0}] READ: 83B
         +-------------------------------------------------+
         |  0  1  2  3  4  5  6  7  8  9  a  b  c  d  e  f |
+--------+-------------------------------------------------+----------------+
|00000000| 00 00 00 4f 7b 22 6d 73 67 49 64 22 3a 22 62 38 |...O{"msgId":"b8|
|00000010| 64 34 35 36 37 38 2d 39 33 30 36 2d 34 34 33 30 |d45678-9306-4430|
|00000020| 2d 62 36 34 30 2d 64 61 65 63 65 65 32 65 66 36 |-b640-daecee2ef6|
|00000030| 33 32 22 2c 22 74 79 70 65 22 3a 22 44 41 54 41 |32","type":"DATA|
|00000040| 22 2c 22 70 61 79 6c 6f 61 64 22 3a 22 64 6f 6e |","payload":"don|
|00000050| 65 22 7d                                        |e"}             |
+--------+-------------------------------------------------+----------------+
22:53:39.115 [nioEventLoopGroup-11-1] INFO  i.n.handler.logging.LoggingHandler - [id: 0x606ad4ba, QuicStreamAddress{streamId=0}] WRITE: StreamMessage{msgId='d052a8e8-096c-41c1-b311-2896df68a8ae', type=DATA, payload=data-3}
22:53:39.115 [nioEventLoopGroup-11-1] INFO  i.n.handler.logging.LoggingHandler - [id: 0x606ad4ba, QuicStreamAddress{streamId=0}] FLUSH
22:53:39.115 [nioEventLoopGroup-11-1] INFO  i.n.handler.logging.LoggingHandler - [id: 0x606ad4ba, QuicStreamAddress{streamId=0}] WRITE: StreamMessage{msgId='fe25c7a2-6110-466d-8031-f2909f5ab57f', type=COMPLETE, payload=null}
22:53:39.115 [nioEventLoopGroup-11-1] INFO  i.n.handler.logging.LoggingHandler - [id: 0x606ad4ba, QuicStreamAddress{streamId=0}] FLUSH
22:53:39.115 [nioEventLoopGroup-11-1] INFO  i.n.handler.logging.LoggingHandler - [id: 0x606ad4ba, QuicStreamAddress{streamId=0}] READ COMPLETE
22:53:39.118 [nioEventLoopGroup-11-1] INFO  i.n.handler.logging.LoggingHandler - [id: 0x606ad4ba, QuicStreamAddress{streamId=0}] INACTIVE
22:53:39.118 [nioEventLoopGroup-11-1] INFO  i.n.handler.logging.LoggingHandler - [id: 0x606ad4ba, QuicStreamAddress{streamId=0}] UNREGISTERED
]]></system-out>
  </testcase>
</testsuite>