<?xml version="1.0" encoding="UTF-8"?>
<testsuite xmlns:xsi="http://www.w3.org/2001/XMLSchema-instance" xsi:noNamespaceSchemaLocation="https://maven.apache.org/surefire/maven-surefire-plugin/xsd/surefire-test-report.xsd" version="3.0.1" name="io.http3.demo.example.chat.ChatIntegrationTest" time="0.124" tests="2" errors="0" skipped="0" failures="0">
  <properties>
[...]
</properties>
  <testcase name="testChatMultipleClients" classname="io.http3.demo.example.chat.ChatIntegrationTest" time="0.068">
    <system-out><![CDATA[22:53:38.944 [nioEventLoopGroup-4-1] INFO  i.n.handler.logging.LoggingHandler - [id: 0xb5f87e33, QuicStreamAddress{streamId=0}] REGISTERED
22:53:38.944 [nioEventLoopGroup-4-1] INFO  i.n.handler.logging.LoggingHandler - [id: 0xb5f87e33, QuicStreamAddress{streamId=0}] ACTIVE
22:53:38.944 [nioEventLoopGroup-4-1] INFO  i.n.handler.logging.LoggingHandler - [id: 0xb5f87e33, QuicStreamAddress{streamId=0}] READ: 5B
         +-------------------------------------------------+
         |  0  1  2  3  4  5  6  7  8  9  a  b  c  d  e  f |
+--------+-------------------------------------------------+----------------+
|00000000| 2f 63 68 61 74                                  |/chat           |
+--------+-------------------------------------------------+----------------+
22:53:38.944 [nioEventLoopGroup-4-1] INFO  i.n.handler.logging.LoggingHandler - [id: 0xb5f87e33, QuicStreamAddress{streamId=0}] READ COMPLETE
22:53:38.945 [nioEventLoopGroup-4-1] INFO  i.n.handler.logging.LoggingHandler - [id: 0x0491cdd8, QuicStreamAddress{streamId=0}] REGISTERED
22:53:38.945 [nioEventLoopGroup-4-1] INFO  i.n.handler.logging.LoggingHandler - [id: 0x0491cdd8, QuicStreamAddress{streamId=0}] ACTIVE
22:53:38.945 [nioEventLoopGroup-4-1] INFO  i.n.handler.logging.LoggingHandler - [id: 0x0491cdd8, QuicStreamAddress{streamId=0}] READ: 5B
         +-------------------------------------------------+
         |  0  1  2  3  4  5  6  7  8  9  a  b  c  d  e  f |
+--------+-------------------------------------------------+----------------+
|00000000| 2f 63 68 61 74                                  |/chat           |
+--------+-------------------------------------------------+----------------+
22:53:38.945 [nioEventLoopGroup-4-1] INFO  i.n.handler.logging.LoggingHandler - [id: 0x0491cdd8, QuicStreamAddress{streamId=0}] READ COMPLETE
22:53:38.945 [nioEventLoopGroup-4-1] INFO  i.n.handler.logging.LoggingHandler - [id: 0xb5f87e33, QuicStreamAddress{streamId=0}] READ: 91B
         +-------------------------------------------------+
         |  0  1  2  3  4  5  6  7  8  9  a  b  c  d  e  f |
+--------+-------------------------------------------------+----------------+
|00000000| 00 00 00 57 7b 22 6d 73 67 49 64 22 3a 22 39 35 |...W{"msgId":"95|
|00000010| 32 63 62 65 31 30 2d 37 32 65 36 2d 34 38 37 31 |2cbe10-72e6-4871|
|00000020| 2d 61 64 62 39 2d 35 32 33 66 63 37 34 63 66 36 |-adb9-523fc74cf6|
|00000030| 30 66 22 2c 22 74 79 70 65 22 3a 22 44 41 54 41 |0f","type":"DATA|
|00000040| 22 2c 22 70 61 79 6c 6f 61 64 22 3a 22 66 72 6f |","payload":"fro|
|00000050| 6d 20 63 6c 69 65 6e 74 31 22 7d                |m client1"}     |
+--------+-------------------------------------------------+----------------+
22:53:38.945 [nioEventLoopGroup-4-1] INFO  i.n.handler.logging.LoggingHandler - [id: 0xb5f87e33, QuicStreamAddress{streamId=0}] WRITE: StreamMessage{msgId='53184c4c-c8b5-44e3-a7b4-f6e70c4b15f9', type=DATA, payload=[Server] Received: from client1}
22:53:38.945 [nioEventLoopGroup-4-1] INFO  i.n.handler.logging.LoggingHandler - [id: 0xb5f87e33, QuicStreamAddress{streamId=0}] FLUSH
22:53:38.945 [nioEventLoopGroup-4-1] INFO  i.n.handler.logging.LoggingHandler - [id: 0xb5f87e33, QuicStreamAddress{streamId=0}] READ COMPLETE
22:53:38.946 [nioEventLoopGroup-4-1] INFO  i.n.handler.logging.LoggingHandler - [id: 0x0491cdd8, QuicStreamAddress{streamId=0}] READ: 91B
         +-------------------------------------------------+
         |  0  1  2  3  4  5  6  7  8  9  a  b  c  d  e  f |
+--------+-------------------------------------------------+----------------+
|00000000| 00 00 00 57 7b 22 6d 73 67 49 64 22 3a 22 37 63 |...W{"msgId":"7c|
|00000010| 34 64 34 65 35 61 2d 64 65 31 61 2d 34 65 63 36 |4d4e5a-de1a-4ec6|
|00000020| 2d 38 33 31 64 2d 30 35 64 36 35 37 61 34 62 64 |-831d-05d657a4bd|
|00000030| 36 62 22 2c 22 74 79 70 65 22 3a 22 44 41 54 41 |6b","type":"DATA|
|00000040| 22 2c 22 70 61 79 6c 6f 61 64 22 3a 22 66 72 6f |","payload":"fro|
|00000050| 6d 20 63 6c 69 65 6e 74 32 22 7d                |m client2"}     |
+--------+-------------------------------------------------+----------------+
22:53:38.946 [nioEventLoopGroup-4-1] INFO  i.n.handler.logging.LoggingHandler - [id: 0x0491cdd8, QuicStreamAddress{streamId=0}] WRITE: StreamMessage{msgId='cb5322f9-5e4f-4488-b278-21a9a6bac34f', type=DATA, payload=[Server] Received: from client2}
22:53:38.946 [nioEventLoopGroup-4-1] INFO  i.n.handler.logging.LoggingHandler - [id: 0x0491cdd8, QuicStreamAddress{streamId=0}] FLUSH
22:53:38.946 [nioEventLoopGroup-4-1] INFO  i.n.handler.logging.LoggingHandler - [id: 0x0491cdd8, QuicStreamAddress{streamId=0}] READ COMPLETE
22:53:38.946 [nioEventLoopGroup-4-1] INFO  i.n.handler.logging.LoggingHandler - [id: 0x0491cdd8, QuicStreamAddress{streamId=0}] READ: 85B
         +-------------------------------------------------+
         |  0  1  2  3  4  5  6  7  8  9  a  b  c  d  e  f |
+--------+-------------------------------------------------+----------------+
|00000000| 00 00 00 51 7b 22 6d 73 67 49 64 22 3a 22 31 32 |...Q{"msgId":"12|
|00000010| 37 61 61 66 30 31 2d 31 31 37 36 2d 34 33 61 35 |7aaf01-1176-43a5|
|00000020| 2d 61 61 33 32 2d 36 39 31 33 65 32 64 66 64 34 |-aa32-6913e2dfd4|
|00000030| 36 30 22 2c 22 74 79 70 65 22 3a 22 43 4f 4d 50 |60","type":"COMP|
|00000040| 4c 45 54 45 22 2c 22 70 61 79 6c 6f 61 64 22 3a |LETE","payload":|
|00000050| 6e 75 6c 6c 7d                                  |null}           |
+--------+-------------------------------------------------+----------------+
22:53:38.947 [nioEventLoopGroup-4-1] INFO  i.n.handler.logging.LoggingHandler - [id: 0x0491cdd8, QuicStreamAddress{streamId=0}] WRITE: StreamMessage{msgId='f60027be-ce31-48c8-92c1-0ef89d2fb67f', type=DATA, payload=[Server] Goodbye!}
22:53:38.947 [nioEventLoopGroup-4-1] INFO  i.n.handler.logging.LoggingHandler - [id: 0x0491cdd8, QuicStreamAddress{streamId=0}] FLUSH
22:53:38.947 [nioEventLoopGroup-4-1] INFO  i.n.handler.logging.LoggingHandler - [id: 0x0491cdd8, QuicStreamAddress{streamId=0}] WRITE: StreamMessage{msgId='fa3accf2-727e-413f-b07a-920debb83e10', type=COMPLETE, payload=null}
22:53:38.947 [nioEventLoopGroup-4-1] INFO  i.n.handler.logging.LoggingHandler - [id: 0x0491cdd8, QuicStreamAddress{streamId=0}] FLUSH
22:53:38.947 [nioEventLoopGroup-4-1] INFO  i.n.handler.logging.LoggingHandler - [id: 0x0491cdd8, QuicStreamAddress{streamId=0}] READ COMPLETE
22:53:38.947 [nioEventLoopGroup-4-1] INFO  i.n.handler.logging.LoggingHandler - [id: 0xb5f87e33, QuicStreamAddress{streamId=0}] READ: 85B
         +-------------------------------------------------+
         |  0  1  2  3  4  5  6  7  8  9  a  b  c  d  e  f |
+--------+-------------------------------------------------+----------------+
|00000000| 00 00 00 51 7b 22 6d 73 67 49 64 22 3a 22 37 30 |...Q{"msgId":"70|
|00000010| 33 32 37 31 63 32 2d 36 66 63 63 2d 34 31 30 38 |3271c2-6fcc-4108|
|00000020| 2d 39 36 34 30 2d 37 36 30 64 66 35 62 37 61 39 |-9640-760df5b7a9|
|00000030| 38 34 22 2c 22 74 79 70 65 22 3a 22 43 4f 4d 50 |84","type":"COMP|
|00000040| 4c 45 54 45 22 2c 22 70 61 79 6c 6f 61 64 22 3a |LETE","payload":|
|00000050| 6e 75 6c 6c 7d                                  |null}           |
+--------+-------------------------------------------------+----------------+
22:53:38.947 [nioEventLoopGroup-4-1] INFO  i.n.handler.logging.LoggingHandler - [id: 0xb5f87e33, QuicStreamAddress{streamId=0}] WRITE: StreamMessage{msgId='1671aba5-f6ce-4dc3-8d91-9f547117c753', type=DATA, payload=[Server] Goodbye!}
22:53:38.947 [nioEventLoopGroup-4-1] INFO  i.n.handler.logging.LoggingHandler - [id: 0xb5f87e33, QuicStreamAddress{streamId=0}] FLUSH
22:53:38.948 [nioEventLoopGroup-4-1] INFO  i.n.handler.logging.LoggingHandler - [id: 0xb5f87e33, QuicStreamAddress{streamId=0}] WRITE: StreamMessage{msgId='ec3ce0e7-20aa-4990-b0e0-54ea7b593889', type=COMPLETE, payload=null}
22:53:38.948 [nioEventLoopGroup-4-1] INFO  i.n.handler.logging.LoggingHandler - [id: 0xb5f87e33, QuicStreamAddress{streamId=0}] FLUSH
22:53:38.948 [nioEventLoopGroup-4-1] INFO  i.n.handler.logging.LoggingHandler - [id: 0xb5f87e33, QuicStreamAddress{streamId=0}] READ COMPLETE
22:53:38.951 [nioEventLoopGroup-4-1] INFO  i.n.handler.logging.LoggingHandler - [id: 0xb5f87e33, QuicStreamAddress{streamId=0}] INACTIVE
22:53:38.952 [nioEventLoopGroup-4-1] INFO  i.n.handler.logging.LoggingHandler - [id: 0xb5f87e33, QuicStreamAddress{streamId=0}] UNREGISTERED
22:53:38.952 [nioEventLoopGroup-4-1] INFO  i.n.handler.logging.LoggingHandler - [id: 0x0491cdd8, QuicStreamAddress{streamId=0}] INACTIVE
22:53:38.952 [nioEventLoopGroup-4-1] INFO  i.n.handler.logging.LoggingHandler - [id: 0x0491cdd8, QuicStreamAddress{streamId=0}] UNREGISTERED
]]></system-out>
  </testcase>
  <testcase name="testChatMessages" classname="io.http3.demo.example.chat.ChatIntegrationTest" time="0.054">
    <system-out><![CDATA[22:53:39.001 [nioEventLoopGroup-7-1] INFO  i.n.handler.logging.LoggingHandler - [id: 0xf5678059, QuicStreamAddress{streamId=0}] REGISTERED
22:53:39.001 [nioEventLoopGroup-7-1] INFO  i.n.handler.logging.LoggingHandler - [id: 0xf5678059, QuicStreamAddress{streamId=0}] ACTIVE
22:53:39.001 [nioEventLoopGroup-7-1] INFO  i.n.handler.logging.LoggingHandler - [id: 0xf5678059, QuicStreamAddress{streamId=0}] READ: 5B
         +-------------------------------------------------+
         |  0  1  2  3  4  5  6  7  8  9  a  b  c  d  e  f |
+--------+-------------------------------------------------+----------------+
|00000000| 2f 63 68 61 74                                  |/chat           |
+--------+-------------------------------------------------+----------------+
22:53:39.001 [nioEventLoopGroup-7-1] INFO  i.n.handler.logging.LoggingHandler - [id: 0xf5678059, QuicStreamAddress{streamId=0}] READ COMPLETE
22:53:39.002 [nioEventLoopGroup-7-1] INFO  i.n.handler.logging.LoggingHandler - [id: 0xf5678059, QuicStreamAddress{streamId=0}] READ: 84B
         +-------------------------------------------------+
         |  0  1  2  3  4  5  6  7  8  9  a  b  c  d  e  f |
+--------+-------------------------------------------------+----------------+
|00000000| 00 00 00 50 7b 22 6d 73 67 49 64 22 3a 22 38 66 |...P{"msgId":"8f|
|00000010| 33 35 66 33 35 66 2d 61 62 32 34 2d 34 33 39 35 |35f35f-ab24-4395|
|00000020| 2d 38 34 34 33 2d 65 31 37 34 36 61 33 66 33 66 |-8443-e1746a3f3f|
|00000030| 62 62 22 2c 22 74 79 70 65 22 3a 22 44 41 54 41 |bb","type":"DATA|
|00000040| 22 2c 22 70 61 79 6c 6f 61 64 22 3a 22 48 65 6c |","payload":"Hel|
|00000050| 6c 6f 22 7d                                     |lo"}            |
+--------+-------------------------------------------------+----------------+
22:53:39.002 [nioEventLoopGroup-7-1] INFO  i.n.handler.logging.LoggingHandler - [id: 0xf5678059, QuicStreamAddress{streamId=0}] WRITE: StreamMessage{msgId='d1234de7-784a-4d16-a00d-ea16f0550e6a', type=DATA, payload=[Server] Received: Hello}
22:53:39.002 [nioEventLoopGroup-7-1] INFO  i.n.handler.logging.LoggingHandler - [id: 0xf5678059, QuicStreamAddress{streamId=0}] FLUSH
22:53:39.002 [nioEventLoopGroup-7-1] INFO  i.n.handler.logging.LoggingHandler - [id: 0xf5678059, QuicStreamAddress{streamId=0}] READ COMPLETE
22:53:39.002 [nioEventLoopGroup-7-1] INFO  i.n.handler.logging.LoggingHandler - [id: 0xf5678059, QuicStreamAddress{streamId=0}] READ: 91B
         +-------------------------------------------------+
         |  0  1  2  3  4  5  6  7  8  9  a  b  c  d  e  f |
+--------+-------------------------------------------------+----------------+
|00000000| 00 00 00 57 7b 22 6d 73 67 49 64 22 3a 22 64 37 |...W{"msgId":"d7|
|00000010| 62 62 37 33 38 62 2d 32 32 31 62 2d 34 66 66 34 |bb738b-221b-4ff4|
|00000020| 2d 61 64 38 63 2d 32 63 65 34 38 63 66 66 34 30 |-ad8c-2ce48cff40|
|00000030| 61 34 22 2c 22 74 79 70 65 22 3a 22 44 41 54 41 |a4","type":"DATA|
|00000040| 22 2c 22 70 61 79 6c 6f 61 64 22 3a 22 48 6f 77 |","payload":"How|
|00000050| 20 61 72 65 20 79 6f 75 3f 22 7d                | are you?"}     |
+--------+-------------------------------------------------+----------------+
22:53:39.002 [nioEventLoopGroup-7-1] INFO  i.n.handler.logging.LoggingHandler - [id: 0xf5678059, QuicStreamAddress{streamId=0}] WRITE: StreamMessage{msgId='782677ba-dc97-4cc7-a969-462c0e95f80f', type=DATA, payload=[Server] Received: How are you?}
22:53:39.002 [nioEventLoopGroup-7-1] INFO  i.n.handler.logging.LoggingHandler - [id: 0xf5678059, QuicStreamAddress{streamId=0}] FLUSH
22:53:39.003 [nioEventLoopGroup-7-1] INFO  i.n.handler.logging.LoggingHandler - [id: 0xf5678059, QuicStreamAddress{streamId=0}] READ COMPLETE
22:53:39.003 [nioEventLoopGroup-7-1] INFO  i.n.handler.logging.LoggingHandler - [id: 0xf5678059, QuicStreamAddress{streamId=0}] READ: 85B
         +-------------------------------------------------+
         |  0  1  2  3  4  5  6  7  8  9  a  b  c  d  e  f |
+--------+-------------------------------------------------+----------------+
|00000000| 00 00 00 51 7b 22 6d 73 67 49 64 22 3a 22 37 61 |...Q{"msgId":"7a|
|00000010| 34 30 34 63 34 62 2d 63 37 31 36 2d 34 33 34 38 |404c4b-c716-4348|
|00000020| 2d 38 35 39 62 2d 32 39 32 34 38 66 61 34 35 30 |-859b-29248fa450|
|00000030| 37 65 22 2c 22 74 79 70 65 22 3a 22 43 4f 4d 50 |7e","type":"COMP|
|00000040| 4c 45 54 45 22 2c 22 70 61 79 6c 6f 61 64 22 3a |LETE","payload":|
|00000050| 6e 75 6c 6c 7d                                  |null}           |
+--------+-------------------------------------------------+----------------+
22:53:39.003 [nioEventLoopGroup-7-1] INFO  i.n.handler.logging.LoggingHandler - [id: 0xf5678059, QuicStreamAddress{streamId=0}] WRITE: StreamMessage{msgId='752b1fb9-0ff2-49d7-a047-750174e3ff3b', type=DATA, payload=[Server] Goodbye!}
22:53:39.003 [nioEventLoopGroup-7-1] INFO  i.n.handler.logging.LoggingHandler - [id: 0xf5678059, QuicStreamAddress{streamId=0}] FLUSH
22:53:39.003 [nioEventLoopGroup-7-1] INFO  i.n.handler.logging.LoggingHandler - [id: 0xf5678059, QuicStreamAddress{streamId=0}] WRITE: StreamMessage{msgId='c7ed4e81-fb3a-4b12-b1d2-778230cdf501', type=COMPLETE, payload=null}
22:53:39.003 [nioEventLoopGroup-7-1] INFO  i.n.handler.logging.LoggingHandler - [id: 0xf5678059, QuicStreamAddress{streamId=0}] FLUSH
22:53:39.003 [nioEventLoopGroup-7-1] INFO  i.n.handler.logging.LoggingHandler - [id: 0xf5678059, QuicStreamAddress{streamId=0}] READ COMPLETE
22:53:39.007 [nioEventLoopGroup-7-1] INFO  i.n.handler.logging.LoggingHandler - [id: 0xf5678059, QuicStreamAddress{streamId=0}] INACTIVE
22:53:39.007 [nioEventLoopGroup-7-1] INFO  i.n.handler.logging.LoggingHandler - [id: 0xf5678059, QuicStreamAddress{streamId=0}] UNREGISTERED
]]></system-out>
  </testcase>
</testsuite>